2025-08-31 11:47:44 [main] INFO  c.u.c.CourseManagementApplication - Starting CourseManagementApplication using Java 21.0.8 with PID 55688 (/home/kameshfdo/cs/4th_year/2nd_sem/CSCI 44092 - Enterprise Application Development/course-management-system/backend/target/classes started by kameshfdo in /home/kameshfdo/cs/4th_year/2nd_sem/CSCI 44092 - Enterprise Application Development/course-management-system)
2025-08-31 11:47:44 [main] DEBUG c.u.c.CourseManagementApplication - Running with Spring Boot v3.5.5, Spring v6.2.10
2025-08-31 11:47:44 [main] INFO  c.u.c.CourseManagementApplication - No active profile set, falling back to 1 default profile: "default"
2025-08-31 11:47:45 [main] INFO  o.s.d.r.c.RepositoryConfigurationDelegate - Bootstrapping Spring Data JPA repositories in DEFAULT mode.
2025-08-31 11:47:45 [main] INFO  o.s.d.r.c.RepositoryConfigurationDelegate - Finished Spring Data repository scanning in 56 ms. Found 4 JPA repository interfaces.
2025-08-31 11:47:46 [main] INFO  o.s.b.w.e.tomcat.TomcatWebServer - Tomcat initialized with port 8080 (http)
2025-08-31 11:47:46 [main] INFO  o.a.catalina.core.StandardService - Starting service [Tomcat]
2025-08-31 11:47:46 [main] INFO  o.a.catalina.core.StandardEngine - Starting Servlet engine: [Apache Tomcat/10.1.44]
2025-08-31 11:47:46 [main] INFO  o.a.c.c.C.[Tomcat].[localhost].[/] - Initializing Spring embedded WebApplicationContext
2025-08-31 11:47:46 [main] INFO  o.s.b.w.s.c.ServletWebServerApplicationContext - Root WebApplicationContext: initialization completed in 1410 ms
2025-08-31 11:47:46 [main] WARN  o.s.b.w.s.c.AnnotationConfigServletWebServerApplicationContext - Exception encountered during context initialization - cancelling refresh attempt: org.springframework.beans.factory.BeanCreationException: Error creating bean with name 'entityManagerFactory' defined in class path resource [org/springframework/boot/autoconfigure/orm/jpa/HibernateJpaConfiguration.class]: Failed to initialize dependency 'dataSourceScriptDatabaseInitializer' of LoadTimeWeaverAware bean 'entityManagerFactory': Error creating bean with name 'dataSourceScriptDatabaseInitializer' defined in class path resource [org/springframework/boot/autoconfigure/sql/init/DataSourceInitializationConfiguration.class]: Unsatisfied dependency expressed through method 'dataSourceScriptDatabaseInitializer' parameter 0: Error creating bean with name 'dataSource' defined in class path resource [org/springframework/boot/autoconfigure/jdbc/DataSourceConfiguration$Hikari.class]: Failed to instantiate [com.zaxxer.hikari.HikariDataSource]: Factory method 'dataSource' threw exception with message: Cannot load driver class: com.mysql.cj.jdbc.Driver
2025-08-31 11:47:46 [main] INFO  o.a.catalina.core.StandardService - Stopping service [Tomcat]
2025-08-31 11:47:46 [main] INFO  o.s.b.a.l.ConditionEvaluationReportLogger - 

Error starting ApplicationContext. To display the condition evaluation report re-run your application with 'debug' enabled.
2025-08-31 11:47:46 [main] ERROR o.s.boot.SpringApplication - Application run failed
org.springframework.beans.factory.BeanCreationException: Error creating bean with name 'entityManagerFactory' defined in class path resource [org/springframework/boot/autoconfigure/orm/jpa/HibernateJpaConfiguration.class]: Failed to initialize dependency 'dataSourceScriptDatabaseInitializer' of LoadTimeWeaverAware bean 'entityManagerFactory': Error creating bean with name 'dataSourceScriptDatabaseInitializer' defined in class path resource [org/springframework/boot/autoconfigure/sql/init/DataSourceInitializationConfiguration.class]: Unsatisfied dependency expressed through method 'dataSourceScriptDatabaseInitializer' parameter 0: Error creating bean with name 'dataSource' defined in class path resource [org/springframework/boot/autoconfigure/jdbc/DataSourceConfiguration$Hikari.class]: Failed to instantiate [com.zaxxer.hikari.HikariDataSource]: Factory method 'dataSource' threw exception with message: Cannot load driver class: com.mysql.cj.jdbc.Driver
	at org.springframework.beans.factory.support.AbstractBeanFactory.doGetBean(AbstractBeanFactory.java:328)
	at org.springframework.beans.factory.support.AbstractBeanFactory.getBean(AbstractBeanFactory.java:207)
	at org.springframework.context.support.AbstractApplicationContext.finishBeanFactoryInitialization(AbstractApplicationContext.java:970)
	at org.springframework.context.support.AbstractApplicationContext.refresh(AbstractApplicationContext.java:627)
	at org.springframework.boot.web.servlet.context.ServletWebServerApplicationContext.refresh(ServletWebServerApplicationContext.java:146)
	at org.springframework.boot.SpringApplication.refresh(SpringApplication.java:752)
	at org.springframework.boot.SpringApplication.refreshContext(SpringApplication.java:439)
	at org.springframework.boot.SpringApplication.run(SpringApplication.java:318)
	at org.springframework.boot.SpringApplication.run(SpringApplication.java:1361)
	at org.springframework.boot.SpringApplication.run(SpringApplication.java:1350)
	at com.university.courses.CourseManagementApplication.main(CourseManagementApplication.java:11)
Caused by: org.springframework.beans.factory.UnsatisfiedDependencyException: Error creating bean with name 'dataSourceScriptDatabaseInitializer' defined in class path resource [org/springframework/boot/autoconfigure/sql/init/DataSourceInitializationConfiguration.class]: Unsatisfied dependency expressed through method 'dataSourceScriptDatabaseInitializer' parameter 0: Error creating bean with name 'dataSource' defined in class path resource [org/springframework/boot/autoconfigure/jdbc/DataSourceConfiguration$Hikari.class]: Failed to instantiate [com.zaxxer.hikari.HikariDataSource]: Factory method 'dataSource' threw exception with message: Cannot load driver class: com.mysql.cj.jdbc.Driver
	at org.springframework.beans.factory.support.ConstructorResolver.createArgumentArray(ConstructorResolver.java:804)
	at org.springframework.beans.factory.support.ConstructorResolver.instantiateUsingFactoryMethod(ConstructorResolver.java:546)
	at org.springframework.beans.factory.support.AbstractAutowireCapableBeanFactory.instantiateUsingFactoryMethod(AbstractAutowireCapableBeanFactory.java:1375)
	at org.springframework.beans.factory.support.AbstractAutowireCapableBeanFactory.createBeanInstance(AbstractAutowireCapableBeanFactory.java:1205)
	at org.springframework.beans.factory.support.AbstractAutowireCapableBeanFactory.doCreateBean(AbstractAutowireCapableBeanFactory.java:569)
	at org.springframework.beans.factory.support.AbstractAutowireCapableBeanFactory.createBean(AbstractAutowireCapableBeanFactory.java:529)
	at org.springframework.beans.factory.support.AbstractBeanFactory.lambda$doGetBean$0(AbstractBeanFactory.java:339)
	at org.springframework.beans.factory.support.DefaultSingletonBeanRegistry.getSingleton(DefaultSingletonBeanRegistry.java:373)
	at org.springframework.beans.factory.support.AbstractBeanFactory.doGetBean(AbstractBeanFactory.java:337)
	at org.springframework.beans.factory.support.AbstractBeanFactory.getBean(AbstractBeanFactory.java:202)
	at org.springframework.beans.factory.support.AbstractBeanFactory.doGetBean(AbstractBeanFactory.java:315)
	... 10 common frames omitted
Caused by: org.springframework.beans.factory.BeanCreationException: Error creating bean with name 'dataSource' defined in class path resource [org/springframework/boot/autoconfigure/jdbc/DataSourceConfiguration$Hikari.class]: Failed to instantiate [com.zaxxer.hikari.HikariDataSource]: Factory method 'dataSource' threw exception with message: Cannot load driver class: com.mysql.cj.jdbc.Driver
	at org.springframework.beans.factory.support.ConstructorResolver.instantiate(ConstructorResolver.java:657)
	at org.springframework.beans.factory.support.ConstructorResolver.instantiateUsingFactoryMethod(ConstructorResolver.java:645)
	at org.springframework.beans.factory.support.AbstractAutowireCapableBeanFactory.instantiateUsingFactoryMethod(AbstractAutowireCapableBeanFactory.java:1375)
	at org.springframework.beans.factory.support.AbstractAutowireCapableBeanFactory.createBeanInstance(AbstractAutowireCapableBeanFactory.java:1205)
	at org.springframework.beans.factory.support.AbstractAutowireCapableBeanFactory.doCreateBean(AbstractAutowireCapableBeanFactory.java:569)
	at org.springframework.beans.factory.support.AbstractAutowireCapableBeanFactory.createBean(AbstractAutowireCapableBeanFactory.java:529)
	at org.springframework.beans.factory.support.AbstractBeanFactory.lambda$doGetBean$0(AbstractBeanFactory.java:339)
	at org.springframework.beans.factory.support.DefaultSingletonBeanRegistry.getSingleton(DefaultSingletonBeanRegistry.java:373)
	at org.springframework.beans.factory.support.AbstractBeanFactory.doGetBean(AbstractBeanFactory.java:337)
	at org.springframework.beans.factory.support.AbstractBeanFactory.getBean(AbstractBeanFactory.java:202)
	at org.springframework.beans.factory.support.DefaultListableBeanFactory.doResolveDependency(DefaultListableBeanFactory.java:1690)
	at org.springframework.beans.factory.support.DefaultListableBeanFactory.resolveDependency(DefaultListableBeanFactory.java:1635)
	at org.springframework.beans.factory.support.ConstructorResolver.resolveAutowiredArgument(ConstructorResolver.java:913)
	at org.springframework.beans.factory.support.ConstructorResolver.createArgumentArray(ConstructorResolver.java:791)
	... 20 common frames omitted
Caused by: org.springframework.beans.BeanInstantiationException: Failed to instantiate [com.zaxxer.hikari.HikariDataSource]: Factory method 'dataSource' threw exception with message: Cannot load driver class: com.mysql.cj.jdbc.Driver
	at org.springframework.beans.factory.support.SimpleInstantiationStrategy.lambda$instantiate$0(SimpleInstantiationStrategy.java:200)
	at org.springframework.beans.factory.support.SimpleInstantiationStrategy.instantiateWithFactoryMethod(SimpleInstantiationStrategy.java:89)
	at org.springframework.beans.factory.support.SimpleInstantiationStrategy.instantiate(SimpleInstantiationStrategy.java:169)
	at org.springframework.beans.factory.support.ConstructorResolver.instantiate(ConstructorResolver.java:653)
	... 33 common frames omitted
Caused by: java.lang.IllegalStateException: Cannot load driver class: com.mysql.cj.jdbc.Driver
	at org.springframework.util.Assert.state(Assert.java:101)
	at org.springframework.boot.autoconfigure.jdbc.DataSourceProperties.findDriverClassName(DataSourceProperties.java:184)
	at org.springframework.boot.autoconfigure.jdbc.DataSourceProperties.determineDriverClassName(DataSourceProperties.java:174)
	at org.springframework.boot.autoconfigure.jdbc.PropertiesJdbcConnectionDetails.getDriverClassName(PropertiesJdbcConnectionDetails.java:49)
	at org.springframework.boot.autoconfigure.jdbc.DataSourceConfiguration.createDataSource(DataSourceConfiguration.java:62)
	at org.springframework.boot.autoconfigure.jdbc.DataSourceConfiguration$Hikari.dataSource(DataSourceConfiguration.java:127)
	at java.base/jdk.internal.reflect.DirectMethodHandleAccessor.invoke(DirectMethodHandleAccessor.java:103)
	at java.base/java.lang.reflect.Method.invoke(Method.java:580)
	at org.springframework.beans.factory.support.SimpleInstantiationStrategy.lambda$instantiate$0(SimpleInstantiationStrategy.java:172)
	... 36 common frames omitted
2025-08-31 11:49:27 [main] INFO  c.u.c.CourseManagementApplication - Starting CourseManagementApplication using Java 21.0.8 with PID 56919 (/home/kameshfdo/cs/4th_year/2nd_sem/CSCI 44092 - Enterprise Application Development/course-management-system/backend/target/classes started by kameshfdo in /home/kameshfdo/cs/4th_year/2nd_sem/CSCI 44092 - Enterprise Application Development/course-management-system)
2025-08-31 11:49:27 [main] DEBUG c.u.c.CourseManagementApplication - Running with Spring Boot v3.5.5, Spring v6.2.10
2025-08-31 11:49:27 [main] INFO  c.u.c.CourseManagementApplication - No active profile set, falling back to 1 default profile: "default"
2025-08-31 11:49:28 [main] INFO  o.s.d.r.c.RepositoryConfigurationDelegate - Bootstrapping Spring Data JPA repositories in DEFAULT mode.
2025-08-31 11:49:28 [main] INFO  o.s.d.r.c.RepositoryConfigurationDelegate - Finished Spring Data repository scanning in 57 ms. Found 4 JPA repository interfaces.
2025-08-31 11:49:28 [main] INFO  o.s.b.w.e.tomcat.TomcatWebServer - Tomcat initialized with port 8080 (http)
2025-08-31 11:49:28 [main] INFO  o.a.catalina.core.StandardService - Starting service [Tomcat]
2025-08-31 11:49:28 [main] INFO  o.a.catalina.core.StandardEngine - Starting Servlet engine: [Apache Tomcat/10.1.44]
2025-08-31 11:49:28 [main] INFO  o.a.c.c.C.[Tomcat].[localhost].[/] - Initializing Spring embedded WebApplicationContext
2025-08-31 11:49:28 [main] INFO  o.s.b.w.s.c.ServletWebServerApplicationContext - Root WebApplicationContext: initialization completed in 1451 ms
2025-08-31 11:49:28 [main] INFO  com.zaxxer.hikari.HikariDataSource - HikariPool-1 - Starting...
2025-08-31 11:49:29 [main] INFO  com.zaxxer.hikari.pool.HikariPool - HikariPool-1 - Added connection com.mysql.cj.jdbc.ConnectionImpl@7558c24b
2025-08-31 11:49:29 [main] INFO  com.zaxxer.hikari.HikariDataSource - HikariPool-1 - Start completed.
2025-08-31 11:49:29 [main] WARN  o.s.b.w.s.c.AnnotationConfigServletWebServerApplicationContext - Exception encountered during context initialization - cancelling refresh attempt: org.springframework.beans.factory.BeanCreationException: Error creating bean with name 'entityManagerFactory' defined in class path resource [org/springframework/boot/autoconfigure/orm/jpa/HibernateJpaConfiguration.class]: Failed to initialize dependency 'dataSourceScriptDatabaseInitializer' of LoadTimeWeaverAware bean 'entityManagerFactory': Error creating bean with name 'dataSourceScriptDatabaseInitializer' defined in class path resource [org/springframework/boot/autoconfigure/sql/init/DataSourceInitializationConfiguration.class]: Failed to execute SQL script statement #1 of class path resource [data.sql]: INSERT IGNORE INTO courses (id, code, title, description, credits, department, max_enrollment, created_at, updated_at) VALUES (1, 'CS101', 'Introduction to Computer Science', 'Basic concepts of programming and computer science', 3, 'Computer Science', 50, NOW(), NOW()), (2, 'CS201', 'Data Structures and Algorithms', 'Advanced programming concepts and algorithm analysis', 4, 'Computer Science', 40, NOW(), NOW()), (3, 'CS301', 'Database Systems', 'Relational database design and SQL', 3, 'Computer Science', 35, NOW(), NOW()), (4, 'MATH101', 'Calculus I', 'Differential calculus and applications', 4, 'Mathematics', 60, NOW(), NOW()), (5, 'MATH201', 'Linear Algebra', 'Vector spaces, matrices, and linear transformations', 3, 'Mathematics', 45, NOW(), NOW()), (6, 'ENG101', 'Technical Writing', 'Writing skills for technical professionals', 2, 'English', 30, NOW(), NOW()), (7, 'CS401', 'Software Engineering', 'Software development methodologies and project management', 4, 'Computer Science', 30, NOW(), NOW()), (8, 'CS501', 'Machine Learning', 'Introduction to machine learning algorithms and applications', 3, 'Computer Science', 25, NOW(), NOW())
2025-08-31 11:49:29 [main] INFO  com.zaxxer.hikari.HikariDataSource - HikariPool-1 - Shutdown initiated...
2025-08-31 11:49:29 [main] INFO  com.zaxxer.hikari.HikariDataSource - HikariPool-1 - Shutdown completed.
2025-08-31 11:49:29 [main] INFO  o.a.catalina.core.StandardService - Stopping service [Tomcat]
2025-08-31 11:49:29 [main] INFO  o.s.b.a.l.ConditionEvaluationReportLogger - 

Error starting ApplicationContext. To display the condition evaluation report re-run your application with 'debug' enabled.
2025-08-31 11:49:29 [main] ERROR o.s.boot.SpringApplication - Application run failed
org.springframework.beans.factory.BeanCreationException: Error creating bean with name 'entityManagerFactory' defined in class path resource [org/springframework/boot/autoconfigure/orm/jpa/HibernateJpaConfiguration.class]: Failed to initialize dependency 'dataSourceScriptDatabaseInitializer' of LoadTimeWeaverAware bean 'entityManagerFactory': Error creating bean with name 'dataSourceScriptDatabaseInitializer' defined in class path resource [org/springframework/boot/autoconfigure/sql/init/DataSourceInitializationConfiguration.class]: Failed to execute SQL script statement #1 of class path resource [data.sql]: INSERT IGNORE INTO courses (id, code, title, description, credits, department, max_enrollment, created_at, updated_at) VALUES (1, 'CS101', 'Introduction to Computer Science', 'Basic concepts of programming and computer science', 3, 'Computer Science', 50, NOW(), NOW()), (2, 'CS201', 'Data Structures and Algorithms', 'Advanced programming concepts and algorithm analysis', 4, 'Computer Science', 40, NOW(), NOW()), (3, 'CS301', 'Database Systems', 'Relational database design and SQL', 3, 'Computer Science', 35, NOW(), NOW()), (4, 'MATH101', 'Calculus I', 'Differential calculus and applications', 4, 'Mathematics', 60, NOW(), NOW()), (5, 'MATH201', 'Linear Algebra', 'Vector spaces, matrices, and linear transformations', 3, 'Mathematics', 45, NOW(), NOW()), (6, 'ENG101', 'Technical Writing', 'Writing skills for technical professionals', 2, 'English', 30, NOW(), NOW()), (7, 'CS401', 'Software Engineering', 'Software development methodologies and project management', 4, 'Computer Science', 30, NOW(), NOW()), (8, 'CS501', 'Machine Learning', 'Introduction to machine learning algorithms and applications', 3, 'Computer Science', 25, NOW(), NOW())
	at org.springframework.beans.factory.support.AbstractBeanFactory.doGetBean(AbstractBeanFactory.java:328)
	at org.springframework.beans.factory.support.AbstractBeanFactory.getBean(AbstractBeanFactory.java:207)
	at org.springframework.context.support.AbstractApplicationContext.finishBeanFactoryInitialization(AbstractApplicationContext.java:970)
	at org.springframework.context.support.AbstractApplicationContext.refresh(AbstractApplicationContext.java:627)
	at org.springframework.boot.web.servlet.context.ServletWebServerApplicationContext.refresh(ServletWebServerApplicationContext.java:146)
	at org.springframework.boot.SpringApplication.refresh(SpringApplication.java:752)
	at org.springframework.boot.SpringApplication.refreshContext(SpringApplication.java:439)
	at org.springframework.boot.SpringApplication.run(SpringApplication.java:318)
	at org.springframework.boot.SpringApplication.run(SpringApplication.java:1361)
	at org.springframework.boot.SpringApplication.run(SpringApplication.java:1350)
	at com.university.courses.CourseManagementApplication.main(CourseManagementApplication.java:11)
Caused by: org.springframework.beans.factory.BeanCreationException: Error creating bean with name 'dataSourceScriptDatabaseInitializer' defined in class path resource [org/springframework/boot/autoconfigure/sql/init/DataSourceInitializationConfiguration.class]: Failed to execute SQL script statement #1 of class path resource [data.sql]: INSERT IGNORE INTO courses (id, code, title, description, credits, department, max_enrollment, created_at, updated_at) VALUES (1, 'CS101', 'Introduction to Computer Science', 'Basic concepts of programming and computer science', 3, 'Computer Science', 50, NOW(), NOW()), (2, 'CS201', 'Data Structures and Algorithms', 'Advanced programming concepts and algorithm analysis', 4, 'Computer Science', 40, NOW(), NOW()), (3, 'CS301', 'Database Systems', 'Relational database design and SQL', 3, 'Computer Science', 35, NOW(), NOW()), (4, 'MATH101', 'Calculus I', 'Differential calculus and applications', 4, 'Mathematics', 60, NOW(), NOW()), (5, 'MATH201', 'Linear Algebra', 'Vector spaces, matrices, and linear transformations', 3, 'Mathematics', 45, NOW(), NOW()), (6, 'ENG101', 'Technical Writing', 'Writing skills for technical professionals', 2, 'English', 30, NOW(), NOW()), (7, 'CS401', 'Software Engineering', 'Software development methodologies and project management', 4, 'Computer Science', 30, NOW(), NOW()), (8, 'CS501', 'Machine Learning', 'Introduction to machine learning algorithms and applications', 3, 'Computer Science', 25, NOW(), NOW())
	at org.springframework.beans.factory.support.AbstractAutowireCapableBeanFactory.initializeBean(AbstractAutowireCapableBeanFactory.java:1826)
	at org.springframework.beans.factory.support.AbstractAutowireCapableBeanFactory.doCreateBean(AbstractAutowireCapableBeanFactory.java:607)
	at org.springframework.beans.factory.support.AbstractAutowireCapableBeanFactory.createBean(AbstractAutowireCapableBeanFactory.java:529)
	at org.springframework.beans.factory.support.AbstractBeanFactory.lambda$doGetBean$0(AbstractBeanFactory.java:339)
	at org.springframework.beans.factory.support.DefaultSingletonBeanRegistry.getSingleton(DefaultSingletonBeanRegistry.java:373)
	at org.springframework.beans.factory.support.AbstractBeanFactory.doGetBean(AbstractBeanFactory.java:337)
	at org.springframework.beans.factory.support.AbstractBeanFactory.getBean(AbstractBeanFactory.java:202)
	at org.springframework.beans.factory.support.AbstractBeanFactory.doGetBean(AbstractBeanFactory.java:315)
	... 10 common frames omitted
Caused by: org.springframework.jdbc.datasource.init.ScriptStatementFailedException: Failed to execute SQL script statement #1 of class path resource [data.sql]: INSERT IGNORE INTO courses (id, code, title, description, credits, department, max_enrollment, created_at, updated_at) VALUES (1, 'CS101', 'Introduction to Computer Science', 'Basic concepts of programming and computer science', 3, 'Computer Science', 50, NOW(), NOW()), (2, 'CS201', 'Data Structures and Algorithms', 'Advanced programming concepts and algorithm analysis', 4, 'Computer Science', 40, NOW(), NOW()), (3, 'CS301', 'Database Systems', 'Relational database design and SQL', 3, 'Computer Science', 35, NOW(), NOW()), (4, 'MATH101', 'Calculus I', 'Differential calculus and applications', 4, 'Mathematics', 60, NOW(), NOW()), (5, 'MATH201', 'Linear Algebra', 'Vector spaces, matrices, and linear transformations', 3, 'Mathematics', 45, NOW(), NOW()), (6, 'ENG101', 'Technical Writing', 'Writing skills for technical professionals', 2, 'English', 30, NOW(), NOW()), (7, 'CS401', 'Software Engineering', 'Software development methodologies and project management', 4, 'Computer Science', 30, NOW(), NOW()), (8, 'CS501', 'Machine Learning', 'Introduction to machine learning algorithms and applications', 3, 'Computer Science', 25, NOW(), NOW())
	at org.springframework.jdbc.datasource.init.ScriptUtils.executeSqlScript(ScriptUtils.java:293)
	at org.springframework.jdbc.datasource.init.ResourceDatabasePopulator.populate(ResourceDatabasePopulator.java:254)
	at org.springframework.jdbc.datasource.init.DatabasePopulatorUtils.execute(DatabasePopulatorUtils.java:54)
	at org.springframework.boot.jdbc.init.DataSourceScriptDatabaseInitializer.runScripts(DataSourceScriptDatabaseInitializer.java:87)
	at org.springframework.boot.sql.init.AbstractScriptDatabaseInitializer.runScripts(AbstractScriptDatabaseInitializer.java:146)
	at org.springframework.boot.sql.init.AbstractScriptDatabaseInitializer.applyScripts(AbstractScriptDatabaseInitializer.java:108)
	at org.springframework.boot.sql.init.AbstractScriptDatabaseInitializer.applyDataScripts(AbstractScriptDatabaseInitializer.java:102)
	at org.springframework.boot.sql.init.AbstractScriptDatabaseInitializer.initializeDatabase(AbstractScriptDatabaseInitializer.java:77)
	at org.springframework.boot.sql.init.AbstractScriptDatabaseInitializer.afterPropertiesSet(AbstractScriptDatabaseInitializer.java:66)
	at org.springframework.beans.factory.support.AbstractAutowireCapableBeanFactory.invokeInitMethods(AbstractAutowireCapableBeanFactory.java:1873)
	at org.springframework.beans.factory.support.AbstractAutowireCapableBeanFactory.initializeBean(AbstractAutowireCapableBeanFactory.java:1822)
	... 17 common frames omitted
Caused by: java.sql.SQLSyntaxErrorException: Table 'course_management.courses' doesn't exist
	at com.mysql.cj.jdbc.exceptions.SQLError.createSQLException(SQLError.java:112)
	at com.mysql.cj.jdbc.exceptions.SQLExceptionsMapping.translateException(SQLExceptionsMapping.java:114)
	at com.mysql.cj.jdbc.StatementImpl.executeInternal(StatementImpl.java:837)
	at com.mysql.cj.jdbc.StatementImpl.execute(StatementImpl.java:685)
	at com.zaxxer.hikari.pool.ProxyStatement.execute(ProxyStatement.java:95)
	at com.zaxxer.hikari.pool.HikariProxyStatement.execute(HikariProxyStatement.java)
	at org.springframework.jdbc.datasource.init.ScriptUtils.executeSqlScript(ScriptUtils.java:261)
	... 27 common frames omitted
2025-08-31 11:49:35 [main] INFO  c.u.c.CourseManagementApplication - Starting CourseManagementApplication using Java 21.0.8 with PID 57236 (/home/kameshfdo/cs/4th_year/2nd_sem/CSCI 44092 - Enterprise Application Development/course-management-system/backend/target/classes started by kameshfdo in /home/kameshfdo/cs/4th_year/2nd_sem/CSCI 44092 - Enterprise Application Development/course-management-system)
2025-08-31 11:49:35 [main] DEBUG c.u.c.CourseManagementApplication - Running with Spring Boot v3.5.5, Spring v6.2.10
2025-08-31 11:49:35 [main] INFO  c.u.c.CourseManagementApplication - No active profile set, falling back to 1 default profile: "default"
2025-08-31 11:49:35 [main] INFO  o.s.d.r.c.RepositoryConfigurationDelegate - Bootstrapping Spring Data JPA repositories in DEFAULT mode.
2025-08-31 11:49:36 [main] INFO  o.s.d.r.c.RepositoryConfigurationDelegate - Finished Spring Data repository scanning in 70 ms. Found 4 JPA repository interfaces.
2025-08-31 11:49:36 [main] INFO  o.s.b.w.e.tomcat.TomcatWebServer - Tomcat initialized with port 8080 (http)
2025-08-31 11:49:36 [main] INFO  o.a.catalina.core.StandardService - Starting service [Tomcat]
2025-08-31 11:49:36 [main] INFO  o.a.catalina.core.StandardEngine - Starting Servlet engine: [Apache Tomcat/10.1.44]
2025-08-31 11:49:36 [main] INFO  o.a.c.c.C.[Tomcat].[localhost].[/] - Initializing Spring embedded WebApplicationContext
2025-08-31 11:49:36 [main] INFO  o.s.b.w.s.c.ServletWebServerApplicationContext - Root WebApplicationContext: initialization completed in 1359 ms
2025-08-31 11:49:36 [main] INFO  com.zaxxer.hikari.HikariDataSource - HikariPool-1 - Starting...
2025-08-31 11:49:36 [main] INFO  com.zaxxer.hikari.pool.HikariPool - HikariPool-1 - Added connection com.mysql.cj.jdbc.ConnectionImpl@47fb7ec9
2025-08-31 11:49:36 [main] INFO  com.zaxxer.hikari.HikariDataSource - HikariPool-1 - Start completed.
2025-08-31 11:49:37 [main] WARN  o.s.b.w.s.c.AnnotationConfigServletWebServerApplicationContext - Exception encountered during context initialization - cancelling refresh attempt: org.springframework.beans.factory.BeanCreationException: Error creating bean with name 'entityManagerFactory' defined in class path resource [org/springframework/boot/autoconfigure/orm/jpa/HibernateJpaConfiguration.class]: Failed to initialize dependency 'dataSourceScriptDatabaseInitializer' of LoadTimeWeaverAware bean 'entityManagerFactory': Error creating bean with name 'dataSourceScriptDatabaseInitializer' defined in class path resource [org/springframework/boot/autoconfigure/sql/init/DataSourceInitializationConfiguration.class]: Failed to execute SQL script statement #1 of class path resource [data.sql]: INSERT IGNORE INTO courses (id, code, title, description, credits, department, max_enrollment, created_at, updated_at) VALUES (1, 'CS101', 'Introduction to Computer Science', 'Basic concepts of programming and computer science', 3, 'Computer Science', 50, NOW(), NOW()), (2, 'CS201', 'Data Structures and Algorithms', 'Advanced programming concepts and algorithm analysis', 4, 'Computer Science', 40, NOW(), NOW()), (3, 'CS301', 'Database Systems', 'Relational database design and SQL', 3, 'Computer Science', 35, NOW(), NOW()), (4, 'MATH101', 'Calculus I', 'Differential calculus and applications', 4, 'Mathematics', 60, NOW(), NOW()), (5, 'MATH201', 'Linear Algebra', 'Vector spaces, matrices, and linear transformations', 3, 'Mathematics', 45, NOW(), NOW()), (6, 'ENG101', 'Technical Writing', 'Writing skills for technical professionals', 2, 'English', 30, NOW(), NOW()), (7, 'CS401', 'Software Engineering', 'Software development methodologies and project management', 4, 'Computer Science', 30, NOW(), NOW()), (8, 'CS501', 'Machine Learning', 'Introduction to machine learning algorithms and applications', 3, 'Computer Science', 25, NOW(), NOW())
2025-08-31 11:49:37 [main] INFO  com.zaxxer.hikari.HikariDataSource - HikariPool-1 - Shutdown initiated...
2025-08-31 11:49:37 [main] INFO  com.zaxxer.hikari.HikariDataSource - HikariPool-1 - Shutdown completed.
2025-08-31 11:49:37 [main] INFO  o.a.catalina.core.StandardService - Stopping service [Tomcat]
2025-08-31 11:49:37 [main] INFO  o.s.b.a.l.ConditionEvaluationReportLogger - 

Error starting ApplicationContext. To display the condition evaluation report re-run your application with 'debug' enabled.
2025-08-31 11:49:37 [main] ERROR o.s.boot.SpringApplication - Application run failed
org.springframework.beans.factory.BeanCreationException: Error creating bean with name 'entityManagerFactory' defined in class path resource [org/springframework/boot/autoconfigure/orm/jpa/HibernateJpaConfiguration.class]: Failed to initialize dependency 'dataSourceScriptDatabaseInitializer' of LoadTimeWeaverAware bean 'entityManagerFactory': Error creating bean with name 'dataSourceScriptDatabaseInitializer' defined in class path resource [org/springframework/boot/autoconfigure/sql/init/DataSourceInitializationConfiguration.class]: Failed to execute SQL script statement #1 of class path resource [data.sql]: INSERT IGNORE INTO courses (id, code, title, description, credits, department, max_enrollment, created_at, updated_at) VALUES (1, 'CS101', 'Introduction to Computer Science', 'Basic concepts of programming and computer science', 3, 'Computer Science', 50, NOW(), NOW()), (2, 'CS201', 'Data Structures and Algorithms', 'Advanced programming concepts and algorithm analysis', 4, 'Computer Science', 40, NOW(), NOW()), (3, 'CS301', 'Database Systems', 'Relational database design and SQL', 3, 'Computer Science', 35, NOW(), NOW()), (4, 'MATH101', 'Calculus I', 'Differential calculus and applications', 4, 'Mathematics', 60, NOW(), NOW()), (5, 'MATH201', 'Linear Algebra', 'Vector spaces, matrices, and linear transformations', 3, 'Mathematics', 45, NOW(), NOW()), (6, 'ENG101', 'Technical Writing', 'Writing skills for technical professionals', 2, 'English', 30, NOW(), NOW()), (7, 'CS401', 'Software Engineering', 'Software development methodologies and project management', 4, 'Computer Science', 30, NOW(), NOW()), (8, 'CS501', 'Machine Learning', 'Introduction to machine learning algorithms and applications', 3, 'Computer Science', 25, NOW(), NOW())
	at org.springframework.beans.factory.support.AbstractBeanFactory.doGetBean(AbstractBeanFactory.java:328)
	at org.springframework.beans.factory.support.AbstractBeanFactory.getBean(AbstractBeanFactory.java:207)
	at org.springframework.context.support.AbstractApplicationContext.finishBeanFactoryInitialization(AbstractApplicationContext.java:970)
	at org.springframework.context.support.AbstractApplicationContext.refresh(AbstractApplicationContext.java:627)
	at org.springframework.boot.web.servlet.context.ServletWebServerApplicationContext.refresh(ServletWebServerApplicationContext.java:146)
	at org.springframework.boot.SpringApplication.refresh(SpringApplication.java:752)
	at org.springframework.boot.SpringApplication.refreshContext(SpringApplication.java:439)
	at org.springframework.boot.SpringApplication.run(SpringApplication.java:318)
	at org.springframework.boot.SpringApplication.run(SpringApplication.java:1361)
	at org.springframework.boot.SpringApplication.run(SpringApplication.java:1350)
	at com.university.courses.CourseManagementApplication.main(CourseManagementApplication.java:11)
Caused by: org.springframework.beans.factory.BeanCreationException: Error creating bean with name 'dataSourceScriptDatabaseInitializer' defined in class path resource [org/springframework/boot/autoconfigure/sql/init/DataSourceInitializationConfiguration.class]: Failed to execute SQL script statement #1 of class path resource [data.sql]: INSERT IGNORE INTO courses (id, code, title, description, credits, department, max_enrollment, created_at, updated_at) VALUES (1, 'CS101', 'Introduction to Computer Science', 'Basic concepts of programming and computer science', 3, 'Computer Science', 50, NOW(), NOW()), (2, 'CS201', 'Data Structures and Algorithms', 'Advanced programming concepts and algorithm analysis', 4, 'Computer Science', 40, NOW(), NOW()), (3, 'CS301', 'Database Systems', 'Relational database design and SQL', 3, 'Computer Science', 35, NOW(), NOW()), (4, 'MATH101', 'Calculus I', 'Differential calculus and applications', 4, 'Mathematics', 60, NOW(), NOW()), (5, 'MATH201', 'Linear Algebra', 'Vector spaces, matrices, and linear transformations', 3, 'Mathematics', 45, NOW(), NOW()), (6, 'ENG101', 'Technical Writing', 'Writing skills for technical professionals', 2, 'English', 30, NOW(), NOW()), (7, 'CS401', 'Software Engineering', 'Software development methodologies and project management', 4, 'Computer Science', 30, NOW(), NOW()), (8, 'CS501', 'Machine Learning', 'Introduction to machine learning algorithms and applications', 3, 'Computer Science', 25, NOW(), NOW())
	at org.springframework.beans.factory.support.AbstractAutowireCapableBeanFactory.initializeBean(AbstractAutowireCapableBeanFactory.java:1826)
	at org.springframework.beans.factory.support.AbstractAutowireCapableBeanFactory.doCreateBean(AbstractAutowireCapableBeanFactory.java:607)
	at org.springframework.beans.factory.support.AbstractAutowireCapableBeanFactory.createBean(AbstractAutowireCapableBeanFactory.java:529)
	at org.springframework.beans.factory.support.AbstractBeanFactory.lambda$doGetBean$0(AbstractBeanFactory.java:339)
	at org.springframework.beans.factory.support.DefaultSingletonBeanRegistry.getSingleton(DefaultSingletonBeanRegistry.java:373)
	at org.springframework.beans.factory.support.AbstractBeanFactory.doGetBean(AbstractBeanFactory.java:337)
	at org.springframework.beans.factory.support.AbstractBeanFactory.getBean(AbstractBeanFactory.java:202)
	at org.springframework.beans.factory.support.AbstractBeanFactory.doGetBean(AbstractBeanFactory.java:315)
	... 10 common frames omitted
Caused by: org.springframework.jdbc.datasource.init.ScriptStatementFailedException: Failed to execute SQL script statement #1 of class path resource [data.sql]: INSERT IGNORE INTO courses (id, code, title, description, credits, department, max_enrollment, created_at, updated_at) VALUES (1, 'CS101', 'Introduction to Computer Science', 'Basic concepts of programming and computer science', 3, 'Computer Science', 50, NOW(), NOW()), (2, 'CS201', 'Data Structures and Algorithms', 'Advanced programming concepts and algorithm analysis', 4, 'Computer Science', 40, NOW(), NOW()), (3, 'CS301', 'Database Systems', 'Relational database design and SQL', 3, 'Computer Science', 35, NOW(), NOW()), (4, 'MATH101', 'Calculus I', 'Differential calculus and applications', 4, 'Mathematics', 60, NOW(), NOW()), (5, 'MATH201', 'Linear Algebra', 'Vector spaces, matrices, and linear transformations', 3, 'Mathematics', 45, NOW(), NOW()), (6, 'ENG101', 'Technical Writing', 'Writing skills for technical professionals', 2, 'English', 30, NOW(), NOW()), (7, 'CS401', 'Software Engineering', 'Software development methodologies and project management', 4, 'Computer Science', 30, NOW(), NOW()), (8, 'CS501', 'Machine Learning', 'Introduction to machine learning algorithms and applications', 3, 'Computer Science', 25, NOW(), NOW())
	at org.springframework.jdbc.datasource.init.ScriptUtils.executeSqlScript(ScriptUtils.java:293)
	at org.springframework.jdbc.datasource.init.ResourceDatabasePopulator.populate(ResourceDatabasePopulator.java:254)
	at org.springframework.jdbc.datasource.init.DatabasePopulatorUtils.execute(DatabasePopulatorUtils.java:54)
	at org.springframework.boot.jdbc.init.DataSourceScriptDatabaseInitializer.runScripts(DataSourceScriptDatabaseInitializer.java:87)
	at org.springframework.boot.sql.init.AbstractScriptDatabaseInitializer.runScripts(AbstractScriptDatabaseInitializer.java:146)
	at org.springframework.boot.sql.init.AbstractScriptDatabaseInitializer.applyScripts(AbstractScriptDatabaseInitializer.java:108)
	at org.springframework.boot.sql.init.AbstractScriptDatabaseInitializer.applyDataScripts(AbstractScriptDatabaseInitializer.java:102)
	at org.springframework.boot.sql.init.AbstractScriptDatabaseInitializer.initializeDatabase(AbstractScriptDatabaseInitializer.java:77)
	at org.springframework.boot.sql.init.AbstractScriptDatabaseInitializer.afterPropertiesSet(AbstractScriptDatabaseInitializer.java:66)
	at org.springframework.beans.factory.support.AbstractAutowireCapableBeanFactory.invokeInitMethods(AbstractAutowireCapableBeanFactory.java:1873)
	at org.springframework.beans.factory.support.AbstractAutowireCapableBeanFactory.initializeBean(AbstractAutowireCapableBeanFactory.java:1822)
	... 17 common frames omitted
Caused by: java.sql.SQLSyntaxErrorException: Table 'course_management.courses' doesn't exist
	at com.mysql.cj.jdbc.exceptions.SQLError.createSQLException(SQLError.java:112)
	at com.mysql.cj.jdbc.exceptions.SQLExceptionsMapping.translateException(SQLExceptionsMapping.java:114)
	at com.mysql.cj.jdbc.StatementImpl.executeInternal(StatementImpl.java:837)
	at com.mysql.cj.jdbc.StatementImpl.execute(StatementImpl.java:685)
	at com.zaxxer.hikari.pool.ProxyStatement.execute(ProxyStatement.java:95)
	at com.zaxxer.hikari.pool.HikariProxyStatement.execute(HikariProxyStatement.java)
	at org.springframework.jdbc.datasource.init.ScriptUtils.executeSqlScript(ScriptUtils.java:261)
	... 27 common frames omitted
